<?xml version="1.0" encoding="UTF-8"?>
<!-- Generated by org.testng.reporters.JUnitXMLReporter -->
<testsuite ignored="4" hostname="LAPTOP-UK6M7KPC" failures="0" tests="1" name="Default test" time="6.038" errors="0" timestamp="2023-10-03T15:57:25 EDT">
  <testcase classname="costco.self.care.SelfCareCheckoutTest" name="costcoListTest" time="0.898"/>
  <testcase classname="costco.self.care.SelfCareCheckoutTest" name="geico_attribute_test" time="0.0">
    <ignored/>
  </testcase> <!-- geico_attribute_test -->
  <testcase classname="costco.self.care.SelfCareCheckoutTest" name="scroll_down_test" time="0.0">
    <ignored/>
  </testcase> <!-- scroll_down_test -->
  <testcase classname="costco.self.care.SelfCareCheckoutTest" name="checkoutTest" time="0.0">
    <ignored/>
  </testcase> <!-- checkoutTest -->
  <testcase classname="costco.self.care.SelfCareCheckoutTest" name="hover_over_test" time="0.0">
    <ignored/>
  </testcase> <!-- hover_over_test -->
</testsuite> <!-- Default test -->
