<?xml version="1.0" encoding="UTF-8"?>
<testng-results ignored="0" total="1" passed="1" failed="0" skipped="0">
  <reporter-output>
    <line>
      <![CDATA[Hovering on ---> [[EdgeDriver: msedge on windows (e37f5c116974afe77cbc6f699c95a87f)] -> xpath: //a[@id='Home_Ancillary_6']]<br>]]>
    </line>
    <line>
      <![CDATA[Service List:Insurance<br>]]>
    </line>
    <line>
      <![CDATA[Service List:Home<br>]]>
    </line>
    <line>
      <![CDATA[Service List:Auto<br>]]>
    </line>
    <line>
      <![CDATA[Service List:Business<br>]]>
    </line>
    <line>
      <![CDATA[Service List:Home Improvement<br>]]>
    </line>
  </reporter-output>
  <suite started-at="2023-10-03T15:57:19 EDT" name="Default suite" finished-at="2023-10-03T15:57:25 EDT" duration-ms="6038">
    <groups>
    </groups>
    <test started-at="2023-10-03T15:57:19 EDT" name="Default test" finished-at="2023-10-03T15:57:25 EDT" duration-ms="6038">
      <class name="costco.self.care.SelfCareCheckoutTest">
        <test-method is-config="true" signature="initialReporting()[pri:0, instance:costco.self.care.SelfCareCheckoutTest@7188af83]" started-at="2023-10-03T15:57:19 EDT" name="initialReporting" finished-at="2023-10-03T15:57:19 EDT" duration-ms="255" status="PASS">
          <reporter-output>
          </reporter-output>
        </test-method> <!-- initialReporting -->
        <test-method is-config="true" signature="beforeClassSetUp()[pri:0, instance:costco.self.care.SelfCareCheckoutTest@7188af83]" started-at="2023-10-03T15:57:19 EDT" name="beforeClassSetUp" finished-at="2023-10-03T15:57:19 EDT" duration-ms="3" status="PASS">
          <reporter-output>
          </reporter-output>
        </test-method> <!-- beforeClassSetUp -->
        <test-method is-config="true" signature="initialTest(java.lang.reflect.Method)[pri:0, instance:costco.self.care.SelfCareCheckoutTest@7188af83]" started-at="2023-10-03T15:57:19 EDT" name="initialTest" finished-at="2023-10-03T15:57:19 EDT" duration-ms="12" status="PASS">
          <params>
            <param index="0">
              <value>
                <![CDATA[public void costco.self.care.SelfCareCheckoutTest.costcoListTest() throws java.lang.InterruptedException]]>
              </value>
            </param>
          </params>
          <reporter-output>
          </reporter-output>
        </test-method> <!-- initialTest -->
        <test-method is-config="true" signature="setUpDriver(java.lang.String)[pri:0, instance:costco.self.care.SelfCareCheckoutTest@7188af83]" started-at="2023-10-03T15:57:19 EDT" name="setUpDriver" finished-at="2023-10-03T15:57:24 EDT" duration-ms="4762" status="PASS">
          <params>
            <param index="0">
              <value>
                <![CDATA[edge]]>
              </value>
            </param>
          </params>
          <reporter-output>
          </reporter-output>
        </test-method> <!-- setUpDriver -->
        <test-method signature="costcoListTest()[pri:0, instance:costco.self.care.SelfCareCheckoutTest@7188af83]" started-at="2023-10-03T15:57:24 EDT" name="costcoListTest" finished-at="2023-10-03T15:57:25 EDT" duration-ms="898" status="PASS">
          <reporter-output>
            <line>
              <![CDATA[Hovering on ---> [[EdgeDriver: msedge on windows (e37f5c116974afe77cbc6f699c95a87f)] -> xpath: //a[@id='Home_Ancillary_6']]<br>]]>
            </line>
            <line>
              <![CDATA[Service List:Insurance<br>]]>
            </line>
            <line>
              <![CDATA[Service List:Home<br>]]>
            </line>
            <line>
              <![CDATA[Service List:Auto<br>]]>
            </line>
            <line>
              <![CDATA[Service List:Business<br>]]>
            </line>
            <line>
              <![CDATA[Service List:Home Improvement<br>]]>
            </line>
          </reporter-output>
        </test-method> <!-- costcoListTest -->
        <test-method is-config="true" signature="afterEachTest(java.lang.reflect.Method,org.testng.ITestResult)[pri:0, instance:costco.self.care.SelfCareCheckoutTest@7188af83]" started-at="2023-10-03T15:57:25 EDT" name="afterEachTest" finished-at="2023-10-03T15:57:25 EDT" duration-ms="321" status="PASS">
          <params>
            <param index="0">
              <value>
                <![CDATA[public void costco.self.care.SelfCareCheckoutTest.costcoListTest() throws java.lang.InterruptedException]]>
              </value>
            </param>
            <param index="1">
              <value>
                <![CDATA[[TestResult name=costcoListTest status=SUCCESS method=SelfCareCheckoutTest.costcoListTest()[pri:0, instance:costco.self.care.SelfCareCheckoutTest@7188af83] output=Hovering on ---> [[EdgeDriver: msedge on windows (e37f5c116974afe77cbc6f699c95a87f)] -> xpath: //a[@id='Home_Ancillary_6']]<br>]]]>
              </value>
            </param>
          </params>
          <reporter-output>
          </reporter-output>
        </test-method> <!-- afterEachTest -->
        <test-method is-config="true" signature="publishReport()[pri:0, instance:costco.self.care.SelfCareCheckoutTest@7188af83]" started-at="2023-10-03T15:57:25 EDT" name="publishReport" finished-at="2023-10-03T15:57:25 EDT" duration-ms="283" status="PASS">
          <reporter-output>
          </reporter-output>
        </test-method> <!-- publishReport -->
      </class> <!-- costco.self.care.SelfCareCheckoutTest -->
    </test> <!-- Default test -->
  </suite> <!-- Default suite -->
</testng-results>
